Added Component: Designator=S?(SW_TL2285EE)
Add component (AddParameter): Name = "Availability"; Value = "Unavailable"; VariantName = "[No Variations]"
Add component (AddParameter): Name = "MF"; Value = ""; VariantName = "[No Variations]"
Add component (AddParameter): Name = "MP"; Value = "TL2285EE"; VariantName = "[No Variations]"
Add component (AddParameter): Name = "Package"; Value = "None"; VariantName = "[No Variations]"
Add component (AddParameter): Name = "Price"; Value = "None"; VariantName = "[No Variations]"
Add component (AddParameter): Name = "Value"; Value = ""; VariantName = "[No Variations]"
Added Member To Class: ClassName=Sheet1 Member=Component J? B4B-XH-A(LF)(SN)
Added Member To Class: ClassName=Sheet1 Member=Component J? B4B-XH-A(LF)(SN)
Added Member To Class: ClassName=Sheet1 Member=Component J? B4B-XH-A(LF)(SN)
Added Member To Class: ClassName=Sheet1 Member=Component J? B4B-XH-A(LF)(SN)
Added Member To Class: ClassName=Sheet1 Member=Component J? B4B-XH-A(LF)(SN)
Added Member To Class: ClassName=Sheet1 Member=Component J? B4B-XH-A(LF)(SN)
Added Member To Class: ClassName=Sheet1 Member=Component J? B4B-XH-A(LF)(SN)
Added Member To Class: ClassName=Sheet1 Member=Component J? B4B-XH-A(LF)(SN)
Added Member To Class: ClassName=Sheet1 Member=Component J? B4B-XH-A(LF)(SN)
Added Member To Class: ClassName=Sheet1 Member=Component J? B4B-XH-A(LF)(SN)
Added Member To Class: ClassName=Sheet1 Member=Component J? B4B-XH-A(LF)(SN)
Added Member To Class: ClassName=Sheet1 Member=Component R? 1623927-1
Added Member To Class: ClassName=Sheet1 Member=Component S? TL2285EE
Added Room: Name=Sheet1
