Change Component Designator: OldDesignator=S? NewDesignator=TOF controller
Added Pin To Net: NetName=EN1 Pin=A1-23
Added Pin To Net: NetName=EN1 Pin=J?-4
Added Net: Name=EN1
Added Pin To Net: NetName=EN2 Pin=A1-24
Added Pin To Net: NetName=EN2 Pin=J?-4
Added Net: Name=EN2
Added Pin To Net: NetName=INA1 Pin=A1-4
Added Pin To Net: NetName=INA1 Pin=J?-3
Added Net: Name=INA1
Added Pin To Net: NetName=INA2 Pin=A1-6
Added Pin To Net: NetName=INA2 Pin=J?-3
Added Net: Name=INA2
Added Pin To Net: NetName=INB1 Pin=A1-5
Added Pin To Net: NetName=INB1 Pin=J?-2
Added Net: Name=INB1
Added Pin To Net: NetName=INB2 Pin=A1-7
Added Pin To Net: NetName=INB2 Pin=J?-2
Added Net: Name=INB2
Add Net: Net with name "NetJ?_1" already exists
Add Net: Net with name "NetJ?_1" already exists
Add Net: Net with name "NetJ?_1" already exists
Add Net: Net with name "NetJ?_1" already exists
Add Net: Net with name "NetJ?_1" already exists
Add Net: Net with name "NetJ?_1" already exists
Add Net: Net with name "NetJ?_1" already exists
Added Member To Class: ClassName=Sheet1 Member=Component J? B4B-XH-A(LF)(SN)
Added Member To Class: ClassName=Sheet1 Member=Component J? B4B-XH-A(LF)(SN)
Added Member To Class: ClassName=Sheet1 Member=Component J? B4B-XH-A(LF)(SN)
Added Member To Class: ClassName=Sheet1 Member=Component J? B4B-XH-A(LF)(SN)
Added Member To Class: ClassName=Sheet1 Member=Component J? B4B-XH-A(LF)(SN)
Added Member To Class: ClassName=Sheet1 Member=Component J? B4B-XH-A(LF)(SN)
Added Member To Class: ClassName=Sheet1 Member=Component J? B4B-XH-A(LF)(SN)
Added Member To Class: ClassName=Sheet1 Member=Component J? B4B-XH-A(LF)(SN)
Added Member To Class: ClassName=Sheet1 Member=Component J? B2B-XH-A(LF)(SN)
Added Member To Class: ClassName=Sheet1 Member=Component J? B4B-XH-A(LF)(SN)
Added Member To Class: ClassName=Sheet1 Member=Component J? B4B-XH-A(LF)(SN)
Added Member To Class: ClassName=Sheet1 Member=Component J? B2B-XH-A(LF)(SN)
Added Member To Class: ClassName=Sheet1 Member=Component J? B4B-XH-A(LF)(SN)
Added Member To Class: ClassName=Sheet1 Member=Component J? B4B-XH-A(LF)(SN)
Added Member To Class: ClassName=Sheet1 Member=Component R? 1623927-1
Added Member To Class: ClassName=Sheet1 Member=Component TOF controller DS02-254-2L-07BE
Added Room: Name=Sheet1
