Removed Member From Class: ClassName=AdruinoMegaSheild Member=ENCODERR!
Change Component Footprint: Designator=ENCODERL1 Old Footprint=FP-51110-0460-MFG New Footprint=FP-350761-4-MFG
Change Component Footprint: Designator=MotorL1 Old Footprint=FP-51110-0460-MFG New Footprint=FP-350761-4-MFG
Change Component Footprint: Designator=MOTORR1 Old Footprint=FP-51110-0460-MFG New Footprint=FP-350761-4-MFG
Change Component Comment : Designator=ENCODERL1 Old Comment=51110-0460 New Comment=350761-4
Change Component Comment : Designator=MotorL1 Old Comment=51110-0460 New Comment=350761-4
Change Component Comment : Designator=MOTORR1 Old Comment=51110-0460 New Comment=350761-4
Change Managed Component Library Link : Designator=ENCODERL1 Old VaultGUID=B7D15EC3-160A-466F-A46C-7801FE6295A7 New VaultGUID=B7D15EC3-160A-466F-A46C-7801FE6295A7 Old ItemGUID=7DD706A2-7EFA-4170-9D40-33111100166C New ItemGUID=8200EA38-A066-4133-A9F1-00A8210EE4C1 Old RevisionGUID=3EBA42B7-736F-435D-9E5A-7EE87C881986 New RevisionGUID=B00E3FA4-A73A-423A-AD7A-1A50580129C8
Change Managed Component Library Link : Designator=MotorL1 Old VaultGUID=B7D15EC3-160A-466F-A46C-7801FE6295A7 New VaultGUID=B7D15EC3-160A-466F-A46C-7801FE6295A7 Old ItemGUID=7DD706A2-7EFA-4170-9D40-33111100166C New ItemGUID=8200EA38-A066-4133-A9F1-00A8210EE4C1 Old RevisionGUID=3EBA42B7-736F-435D-9E5A-7EE87C881986 New RevisionGUID=B00E3FA4-A73A-423A-AD7A-1A50580129C8
Change Managed Component Library Link : Designator=MOTORR1 Old VaultGUID=B7D15EC3-160A-466F-A46C-7801FE6295A7 New VaultGUID=B7D15EC3-160A-466F-A46C-7801FE6295A7 Old ItemGUID=7DD706A2-7EFA-4170-9D40-33111100166C New ItemGUID=8200EA38-A066-4133-A9F1-00A8210EE4C1 Old RevisionGUID=3EBA42B7-736F-435D-9E5A-7EE87C881986 New RevisionGUID=B00E3FA4-A73A-423A-AD7A-1A50580129C8
Change component parameters: Designator = "ENCODERL1" ("EncoderL1"); Footprint = "FP-51110-0460-MFG"; UniqueID = "\MIZCHTLB" ("\MIZCHTLB")
Change component parameters (AddParameter): Name = "Automotive"; Value = "No"; VariantName = "[No Variations]"
Change component parameters (AddParameter): Name = "Category"; Value = "Conn"; VariantName = "[No Variations]"
Change component parameters (AddParameter): Name = "ComponentLink2Description"; Value = "Datasheet"; VariantName = "[No Variations]"
Change component parameters (AddParameter): Name = "ComponentLink2URL"; Value = "https://www.te.com/usa-en/product-350761-4.html?te_bu=Cor&te_type=other&te_campaign=oct_glo_cor-oct-global-oth-prtnr-fy19-oct-octo-buy-bom_sma-298_2&elqCampaignId=35216"; VariantName = "[No Variations]"
Change component parameters (AddParameter): Name = "Conn Gender"; Value = "Female"; VariantName = "[No Variations]"
Change component parameters (AddParameter): Name = "Conn Orientation"; Value = "Vertical"; VariantName = "[No Variations]"
Change component parameters (AddParameter): Name = "Contact Material"; Value = "Tin"; VariantName = "[No Variations]"
Change component parameters (AddParameter): Name = "Current Rating"; Value = "15A"; VariantName = "[No Variations]"
Change component parameters (AddParameter): Name = "Device Class L1"; Value = "Connectors"; VariantName = "[No Variations]"
Change component parameters (AddParameter): Name = "Device Class L2"; Value = "Headers and Wire Housings"; VariantName = "[No Variations]"
Change component parameters (AddParameter): Name = "Device Class L3"; Value = "unset"; VariantName = "[No Variations]"
Change component parameters (AddParameter): Name = "Digikey Description"; Value = "CONN HDR 4POS 0.25 TIN PCB"; VariantName = "[No Variations]"
Change component parameters (AddParameter): Name = "Height"; Value = "14.99mm"; VariantName = "[No Variations]"
Change component parameters (AddParameter): Name = "Is Female"; Value = "yes"; VariantName = "[No Variations]"
Change component parameters (AddParameter): Name = "Lead Free"; Value = "Yes"; VariantName = "[No Variations]"
Change component parameters (AddParameter): Name = "Manufacturer"; Value = "TE Connectivity"; VariantName = "[No Variations]"
Change component parameters (AddParameter): Name = "Manufacturer Part Number"; Value = "350761-4"; VariantName = "[No Variations]"
Change component parameters (AddParameter): Name = "Mouser Description"; Value = "Pin & Socket Connectors 4 POS STD TAIL SOC"; VariantName = "[No Variations]"
Change component parameters (AddParameter): Name = "Number Of Contacts"; Value = "4"; VariantName = "[No Variations]"
Change component parameters (AddParameter): Name = "Number Of Rows"; Value = "1"; VariantName = "[No Variations]"
Change component parameters (AddParameter): Name = "Octopart"; Value = "https://octopart.com/350761-4-te+connectivity-46507609"; VariantName = "[No Variations]"
Change component parameters (AddParameter): Name = "Package"; Value = "350761-4"; VariantName = "[No Variations]"
Change component parameters (AddParameter): Name = "Pitch"; Value = "6.35mm"; VariantName = "[No Variations]"
Change component parameters (AddParameter): Name = "RoHS"; Value = "TRUE"; VariantName = "[No Variations]"
Change component parameters (AddParameter): Name = "Standoff Height"; Value = "0.63mm"; VariantName = "[No Variations]"
Change component parameters (AddParameter): Name = "Temperature"; Value = "-40°C to +105°C"; VariantName = "[No Variations]"
Change component parameters (AddParameter): Name = "Temperature Range High"; Value = "+105°C"; VariantName = "[No Variations]"
Change component parameters (AddParameter): Name = "Temperature Range Low"; Value = "-40°C"; VariantName = "[No Variations]"
Change component parameters (AddParameter): Name = "Voltage Rating"; Value = "600V"; VariantName = "[No Variations]"
Change component parameters: Designator = "MotorL1" ("MotorL1"); Footprint = "FP-51110-0460-MFG"; UniqueID = "\YHBSOVSJ" ("\YHBSOVSJ")
Change component parameters (AddParameter): Name = "Automotive"; Value = "No"; VariantName = "[No Variations]"
Change component parameters (AddParameter): Name = "Category"; Value = "Conn"; VariantName = "[No Variations]"
Change component parameters (AddParameter): Name = "ComponentLink2Description"; Value = "Datasheet"; VariantName = "[No Variations]"
Change component parameters (AddParameter): Name = "ComponentLink2URL"; Value = "https://www.te.com/usa-en/product-350761-4.html?te_bu=Cor&te_type=other&te_campaign=oct_glo_cor-oct-global-oth-prtnr-fy19-oct-octo-buy-bom_sma-298_2&elqCampaignId=35216"; VariantName = "[No Variations]"
Change component parameters (AddParameter): Name = "Conn Gender"; Value = "Female"; VariantName = "[No Variations]"
Change component parameters (AddParameter): Name = "Conn Orientation"; Value = "Vertical"; VariantName = "[No Variations]"
Change component parameters (AddParameter): Name = "Contact Material"; Value = "Tin"; VariantName = "[No Variations]"
Change component parameters (AddParameter): Name = "Current Rating"; Value = "15A"; VariantName = "[No Variations]"
Change component parameters (AddParameter): Name = "Device Class L1"; Value = "Connectors"; VariantName = "[No Variations]"
Change component parameters (AddParameter): Name = "Device Class L2"; Value = "Headers and Wire Housings"; VariantName = "[No Variations]"
Change component parameters (AddParameter): Name = "Device Class L3"; Value = "unset"; VariantName = "[No Variations]"
Change component parameters (AddParameter): Name = "Digikey Description"; Value = "CONN HDR 4POS 0.25 TIN PCB"; VariantName = "[No Variations]"
Change component parameters (AddParameter): Name = "Height"; Value = "14.99mm"; VariantName = "[No Variations]"
Change component parameters (AddParameter): Name = "Is Female"; Value = "yes"; VariantName = "[No Variations]"
Change component parameters (AddParameter): Name = "Lead Free"; Value = "Yes"; VariantName = "[No Variations]"
Change component parameters (AddParameter): Name = "Manufacturer"; Value = "TE Connectivity"; VariantName = "[No Variations]"
Change component parameters (AddParameter): Name = "Manufacturer Part Number"; Value = "350761-4"; VariantName = "[No Variations]"
Change component parameters (AddParameter): Name = "Mouser Description"; Value = "Pin & Socket Connectors 4 POS STD TAIL SOC"; VariantName = "[No Variations]"
Change component parameters (AddParameter): Name = "Number Of Contacts"; Value = "4"; VariantName = "[No Variations]"
Change component parameters (AddParameter): Name = "Number Of Rows"; Value = "1"; VariantName = "[No Variations]"
Change component parameters (AddParameter): Name = "Octopart"; Value = "https://octopart.com/350761-4-te+connectivity-46507609"; VariantName = "[No Variations]"
Change component parameters (AddParameter): Name = "Package"; Value = "350761-4"; VariantName = "[No Variations]"
Change component parameters (AddParameter): Name = "Pitch"; Value = "6.35mm"; VariantName = "[No Variations]"
Change component parameters (AddParameter): Name = "RoHS"; Value = "TRUE"; VariantName = "[No Variations]"
Change component parameters (AddParameter): Name = "Standoff Height"; Value = "0.63mm"; VariantName = "[No Variations]"
Change component parameters (AddParameter): Name = "Temperature"; Value = "-40°C to +105°C"; VariantName = "[No Variations]"
Change component parameters (AddParameter): Name = "Temperature Range High"; Value = "+105°C"; VariantName = "[No Variations]"
Change component parameters (AddParameter): Name = "Temperature Range Low"; Value = "-40°C"; VariantName = "[No Variations]"
Change component parameters (AddParameter): Name = "Voltage Rating"; Value = "600V"; VariantName = "[No Variations]"
Change component parameters: Designator = "MOTORR1" ("MotorR1"); Footprint = "FP-51110-0460-MFG"; UniqueID = "\JTJDMPWK" ("\JTJDMPWK")
Change component parameters (AddParameter): Name = "Automotive"; Value = "No"; VariantName = "[No Variations]"
Change component parameters (AddParameter): Name = "Category"; Value = "Conn"; VariantName = "[No Variations]"
Change component parameters (AddParameter): Name = "ComponentLink2Description"; Value = "Datasheet"; VariantName = "[No Variations]"
Change component parameters (AddParameter): Name = "ComponentLink2URL"; Value = "https://www.te.com/usa-en/product-350761-4.html?te_bu=Cor&te_type=other&te_campaign=oct_glo_cor-oct-global-oth-prtnr-fy19-oct-octo-buy-bom_sma-298_2&elqCampaignId=35216"; VariantName = "[No Variations]"
Change component parameters (AddParameter): Name = "Conn Gender"; Value = "Female"; VariantName = "[No Variations]"
Change component parameters (AddParameter): Name = "Conn Orientation"; Value = "Vertical"; VariantName = "[No Variations]"
Change component parameters (AddParameter): Name = "Contact Material"; Value = "Tin"; VariantName = "[No Variations]"
Change component parameters (AddParameter): Name = "Current Rating"; Value = "15A"; VariantName = "[No Variations]"
Change component parameters (AddParameter): Name = "Device Class L1"; Value = "Connectors"; VariantName = "[No Variations]"
Change component parameters (AddParameter): Name = "Device Class L2"; Value = "Headers and Wire Housings"; VariantName = "[No Variations]"
Change component parameters (AddParameter): Name = "Device Class L3"; Value = "unset"; VariantName = "[No Variations]"
Change component parameters (AddParameter): Name = "Digikey Description"; Value = "CONN HDR 4POS 0.25 TIN PCB"; VariantName = "[No Variations]"
Change component parameters (AddParameter): Name = "Height"; Value = "14.99mm"; VariantName = "[No Variations]"
Change component parameters (AddParameter): Name = "Is Female"; Value = "yes"; VariantName = "[No Variations]"
Change component parameters (AddParameter): Name = "Lead Free"; Value = "Yes"; VariantName = "[No Variations]"
Change component parameters (AddParameter): Name = "Manufacturer"; Value = "TE Connectivity"; VariantName = "[No Variations]"
Change component parameters (AddParameter): Name = "Manufacturer Part Number"; Value = "350761-4"; VariantName = "[No Variations]"
Change component parameters (AddParameter): Name = "Mouser Description"; Value = "Pin & Socket Connectors 4 POS STD TAIL SOC"; VariantName = "[No Variations]"
Change component parameters (AddParameter): Name = "Number Of Contacts"; Value = "4"; VariantName = "[No Variations]"
Change component parameters (AddParameter): Name = "Number Of Rows"; Value = "1"; VariantName = "[No Variations]"
Change component parameters (AddParameter): Name = "Octopart"; Value = "https://octopart.com/350761-4-te+connectivity-46507609"; VariantName = "[No Variations]"
Change component parameters (AddParameter): Name = "Package"; Value = "350761-4"; VariantName = "[No Variations]"
Change component parameters (AddParameter): Name = "Pitch"; Value = "6.35mm"; VariantName = "[No Variations]"
Change component parameters (AddParameter): Name = "RoHS"; Value = "TRUE"; VariantName = "[No Variations]"
Change component parameters (AddParameter): Name = "Standoff Height"; Value = "0.63mm"; VariantName = "[No Variations]"
Change component parameters (AddParameter): Name = "Temperature"; Value = "-40°C to +105°C"; VariantName = "[No Variations]"
Change component parameters (AddParameter): Name = "Temperature Range High"; Value = "+105°C"; VariantName = "[No Variations]"
Change component parameters (AddParameter): Name = "Temperature Range Low"; Value = "-40°C"; VariantName = "[No Variations]"
Change component parameters (AddParameter): Name = "Voltage Rating"; Value = "600V"; VariantName = "[No Variations]"
Added Component: Designator=EncoderR1(FP-350761-4-MFG)
Add component (AddParameter): Name = "Automotive"; Value = "No"; VariantName = "[No Variations]"
Add component (AddParameter): Name = "Category"; Value = "Conn"; VariantName = "[No Variations]"
Add component (AddParameter): Name = "ComponentLink2Description"; Value = "Datasheet"; VariantName = "[No Variations]"
Add component (AddParameter): Name = "ComponentLink2URL"; Value = "https://www.te.com/usa-en/product-350761-4.html?te_bu=Cor&te_type=other&te_campaign=oct_glo_cor-oct-global-oth-prtnr-fy19-oct-octo-buy-bom_sma-298_2&elqCampaignId=35216"; VariantName = "[No Variations]"
Add component (AddParameter): Name = "Conn Gender"; Value = "Female"; VariantName = "[No Variations]"
Add component (AddParameter): Name = "Conn Orientation"; Value = "Vertical"; VariantName = "[No Variations]"
Add component (AddParameter): Name = "Contact Material"; Value = "Tin"; VariantName = "[No Variations]"
Add component (AddParameter): Name = "Current Rating"; Value = "15A"; VariantName = "[No Variations]"
Add component (AddParameter): Name = "Device Class L1"; Value = "Connectors"; VariantName = "[No Variations]"
Add component (AddParameter): Name = "Device Class L2"; Value = "Headers and Wire Housings"; VariantName = "[No Variations]"
Add component (AddParameter): Name = "Device Class L3"; Value = "unset"; VariantName = "[No Variations]"
Add component (AddParameter): Name = "Digikey Description"; Value = "CONN HDR 4POS 0.25 TIN PCB"; VariantName = "[No Variations]"
Add component (AddParameter): Name = "Height"; Value = "14.99mm"; VariantName = "[No Variations]"
Add component (AddParameter): Name = "Is Female"; Value = "yes"; VariantName = "[No Variations]"
Add component (AddParameter): Name = "Lead Free"; Value = "Yes"; VariantName = "[No Variations]"
Add component (AddParameter): Name = "Manufacturer"; Value = "TE Connectivity"; VariantName = "[No Variations]"
Add component (AddParameter): Name = "Manufacturer Part Number"; Value = "350761-4"; VariantName = "[No Variations]"
Add component (AddParameter): Name = "Mouser Description"; Value = "Pin & Socket Connectors 4 POS STD TAIL SOC"; VariantName = "[No Variations]"
Add component (AddParameter): Name = "Number Of Contacts"; Value = "4"; VariantName = "[No Variations]"
Add component (AddParameter): Name = "Number Of Rows"; Value = "1"; VariantName = "[No Variations]"
Add component (AddParameter): Name = "Octopart"; Value = "https://octopart.com/350761-4-te+connectivity-46507609"; VariantName = "[No Variations]"
Add component (AddParameter): Name = "Package"; Value = "350761-4"; VariantName = "[No Variations]"
Add component (AddParameter): Name = "Pitch"; Value = "6.35mm"; VariantName = "[No Variations]"
Add component (AddParameter): Name = "RoHS"; Value = "TRUE"; VariantName = "[No Variations]"
Add component (AddParameter): Name = "Standoff Height"; Value = "0.63mm"; VariantName = "[No Variations]"
Add component (AddParameter): Name = "Temperature"; Value = "-40°C to +105°C"; VariantName = "[No Variations]"
Add component (AddParameter): Name = "Temperature Range High"; Value = "+105°C"; VariantName = "[No Variations]"
Add component (AddParameter): Name = "Temperature Range Low"; Value = "-40°C"; VariantName = "[No Variations]"
Add component (AddParameter): Name = "Voltage Rating"; Value = "600V"; VariantName = "[No Variations]"
Added Component: Designator=J?(FP-350761-4-MFG)
Add component (AddParameter): Name = "Automotive"; Value = "No"; VariantName = "[No Variations]"
Add component (AddParameter): Name = "Category"; Value = "Conn"; VariantName = "[No Variations]"
Add component (AddParameter): Name = "ComponentLink2Description"; Value = "Datasheet"; VariantName = "[No Variations]"
Add component (AddParameter): Name = "ComponentLink2URL"; Value = "https://www.te.com/usa-en/product-350761-4.html?te_bu=Cor&te_type=other&te_campaign=oct_glo_cor-oct-global-oth-prtnr-fy19-oct-octo-buy-bom_sma-298_2&elqCampaignId=35216"; VariantName = "[No Variations]"
Add component (AddParameter): Name = "Conn Gender"; Value = "Female"; VariantName = "[No Variations]"
Add component (AddParameter): Name = "Conn Orientation"; Value = "Vertical"; VariantName = "[No Variations]"
Add component (AddParameter): Name = "Contact Material"; Value = "Tin"; VariantName = "[No Variations]"
Add component (AddParameter): Name = "Current Rating"; Value = "15A"; VariantName = "[No Variations]"
Add component (AddParameter): Name = "Device Class L1"; Value = "Connectors"; VariantName = "[No Variations]"
Add component (AddParameter): Name = "Device Class L2"; Value = "Headers and Wire Housings"; VariantName = "[No Variations]"
Add component (AddParameter): Name = "Device Class L3"; Value = "unset"; VariantName = "[No Variations]"
Add component (AddParameter): Name = "Digikey Description"; Value = "CONN HDR 4POS 0.25 TIN PCB"; VariantName = "[No Variations]"
Add component (AddParameter): Name = "Height"; Value = "14.99mm"; VariantName = "[No Variations]"
Add component (AddParameter): Name = "Is Female"; Value = "yes"; VariantName = "[No Variations]"
Add component (AddParameter): Name = "Lead Free"; Value = "Yes"; VariantName = "[No Variations]"
Add component (AddParameter): Name = "Manufacturer"; Value = "TE Connectivity"; VariantName = "[No Variations]"
Add component (AddParameter): Name = "Manufacturer Part Number"; Value = "350761-4"; VariantName = "[No Variations]"
Add component (AddParameter): Name = "Mouser Description"; Value = "Pin & Socket Connectors 4 POS STD TAIL SOC"; VariantName = "[No Variations]"
Add component (AddParameter): Name = "Number Of Contacts"; Value = "4"; VariantName = "[No Variations]"
Add component (AddParameter): Name = "Number Of Rows"; Value = "1"; VariantName = "[No Variations]"
Add component (AddParameter): Name = "Octopart"; Value = "https://octopart.com/350761-4-te+connectivity-46507609"; VariantName = "[No Variations]"
Add component (AddParameter): Name = "Package"; Value = "350761-4"; VariantName = "[No Variations]"
Add component (AddParameter): Name = "Pitch"; Value = "6.35mm"; VariantName = "[No Variations]"
Add component (AddParameter): Name = "RoHS"; Value = "TRUE"; VariantName = "[No Variations]"
Add component (AddParameter): Name = "Standoff Height"; Value = "0.63mm"; VariantName = "[No Variations]"
Add component (AddParameter): Name = "Temperature"; Value = "-40°C to +105°C"; VariantName = "[No Variations]"
Add component (AddParameter): Name = "Temperature Range High"; Value = "+105°C"; VariantName = "[No Variations]"
Add component (AddParameter): Name = "Temperature Range Low"; Value = "-40°C"; VariantName = "[No Variations]"
Add component (AddParameter): Name = "Voltage Rating"; Value = "600V"; VariantName = "[No Variations]"
Added Member To Class: ClassName=AdruinoMegaSheild Member=Component EncoderR1 350761-4
Added Member To Class: ClassName=AdruinoMegaSheild Member=Component J? 350761-4
