Change Component Footprint: Designator=Rekya? Old Footprint=61301011821 New Footprint=61301011821
Change Component Footprint: Designator=J? Old Footprint=FP-350761-4-MFG New Footprint=JST_B4B-PH-SM4-TB_(LF)(SN)
Change Component Comment : Designator=J? Old Comment=350761-4 New Comment=B4B-PH-SM4-TB_(LF)(SN)
Change Managed Component Library Link : Designator=J? Old VaultGUID=B7D15EC3-160A-466F-A46C-7801FE6295A7 New VaultGUID= Old ItemGUID=8200EA38-A066-4133-A9F1-00A8210EE4C1 New ItemGUID= Old RevisionGUID=B00E3FA4-A73A-423A-AD7A-1A50580129C8 New RevisionGUID=
Change component parameters: Designator = "J?" ("J?"); Footprint = "FP-350761-4-MFG"; UniqueID = "\AVHSNFXY" ("\AVHSNFXY")
Change component parameters (AddParameter): Name = "Availability"; Value = "In Stock"; VariantName = "[No Variations]"
Change component parameters (AddParameter): Name = "Check_prices"; Value = "https://www.snapeda.com/parts/B4B-PH-SM4-TB%20(LF)(SN)/JST/view-part/?ref=eda"; VariantName = "[No Variations]"
Change component parameters (AddParameter): Name = "MF"; Value = "JST"; VariantName = "[No Variations]"
Change component parameters (AddParameter): Name = "MP"; Value = "B4B-PH-SM4-TB (LF)(SN)"; VariantName = "[No Variations]"
Change component parameters (AddParameter): Name = "Package"; Value = "NON STANDARD-4 JST"; VariantName = "[No Variations]"
Change component parameters (AddParameter): Name = "Price"; Value = "None"; VariantName = "[No Variations]"
Change component parameters (AddParameter): Name = "Purchase-URL"; Value = "https://pricing.snapeda.com/search/part/B4B-PH-SM4-TB (LF)(SN)/?ref=eda"; VariantName = "[No Variations]"
Change component parameters (AddParameter): Name = "SnapEDA_Link"; Value = "https://www.snapeda.com/parts/B4B-PH-SM4-TB%20(LF)(SN)/JST/view-part/?ref=snap"; VariantName = "[No Variations]"
Change component parameters (AddParameter): Name = "Value"; Value = ""; VariantName = "[No Variations]"
Added Component: Designator=J?(JST_B4B-PH-SM4-TB_(LF)(SN))
Add component (AddParameter): Name = "Availability"; Value = "In Stock"; VariantName = "[No Variations]"
Add component (AddParameter): Name = "Check_prices"; Value = "https://www.snapeda.com/parts/B4B-PH-SM4-TB%20(LF)(SN)/JST/view-part/?ref=eda"; VariantName = "[No Variations]"
Add component (AddParameter): Name = "MF"; Value = "JST"; VariantName = "[No Variations]"
Add component (AddParameter): Name = "MP"; Value = "B4B-PH-SM4-TB (LF)(SN)"; VariantName = "[No Variations]"
Add component (AddParameter): Name = "Package"; Value = "NON STANDARD-4 JST"; VariantName = "[No Variations]"
Add component (AddParameter): Name = "Price"; Value = "None"; VariantName = "[No Variations]"
Add component (AddParameter): Name = "Purchase-URL"; Value = "https://pricing.snapeda.com/search/part/B4B-PH-SM4-TB (LF)(SN)/?ref=eda"; VariantName = "[No Variations]"
Add component (AddParameter): Name = "SnapEDA_Link"; Value = "https://www.snapeda.com/parts/B4B-PH-SM4-TB%20(LF)(SN)/JST/view-part/?ref=snap"; VariantName = "[No Variations]"
Add component (AddParameter): Name = "Value"; Value = ""; VariantName = "[No Variations]"
Added Component: Designator=MIC(B3B-PH-K)
Add component (AddParameter): Name = "Availability"; Value = "In Stock"; VariantName = "[No Variations]"
Add component (AddParameter): Name = "Check_prices"; Value = "https://www.snapeda.com/parts/B3B-PH-K/JST/view-part/?ref=eda"; VariantName = "[No Variations]"
Add component (AddParameter): Name = "MF"; Value = "JST"; VariantName = "[No Variations]"
Add component (AddParameter): Name = "MP"; Value = "B3B-PH-K"; VariantName = "[No Variations]"
Add component (AddParameter): Name = "Package"; Value = "None"; VariantName = "[No Variations]"
Add component (AddParameter): Name = "Price"; Value = "None"; VariantName = "[No Variations]"
Add component (AddParameter): Name = "Purchase-URL"; Value = "https://pricing.snapeda.com/search/part/B3B-PH-K/?ref=eda"; VariantName = "[No Variations]"
Add component (AddParameter): Name = "SnapEDA_Link"; Value = "https://www.snapeda.com/parts/B3B-PH-K/JST/view-part/?ref=snap"; VariantName = "[No Variations]"
Add component (AddParameter): Name = "Value"; Value = ""; VariantName = "[No Variations]"
Added Component: Designator=Servo1(B3B-PH-K)
Add component (AddParameter): Name = "Availability"; Value = "In Stock"; VariantName = "[No Variations]"
Add component (AddParameter): Name = "Check_prices"; Value = "https://www.snapeda.com/parts/B3B-PH-K/JST/view-part/?ref=eda"; VariantName = "[No Variations]"
Add component (AddParameter): Name = "MF"; Value = "JST"; VariantName = "[No Variations]"
Add component (AddParameter): Name = "MP"; Value = "B3B-PH-K"; VariantName = "[No Variations]"
Add component (AddParameter): Name = "Package"; Value = "None"; VariantName = "[No Variations]"
Add component (AddParameter): Name = "Price"; Value = "None"; VariantName = "[No Variations]"
Add component (AddParameter): Name = "Purchase-URL"; Value = "https://pricing.snapeda.com/search/part/B3B-PH-K/?ref=eda"; VariantName = "[No Variations]"
Add component (AddParameter): Name = "SnapEDA_Link"; Value = "https://www.snapeda.com/parts/B3B-PH-K/JST/view-part/?ref=snap"; VariantName = "[No Variations]"
Add component (AddParameter): Name = "Value"; Value = ""; VariantName = "[No Variations]"
Added Component: Designator=Servo2(B3B-PH-K)
Add component (AddParameter): Name = "Availability"; Value = "In Stock"; VariantName = "[No Variations]"
Add component (AddParameter): Name = "Check_prices"; Value = "https://www.snapeda.com/parts/B3B-PH-K/JST/view-part/?ref=eda"; VariantName = "[No Variations]"
Add component (AddParameter): Name = "MF"; Value = "JST"; VariantName = "[No Variations]"
Add component (AddParameter): Name = "MP"; Value = "B3B-PH-K"; VariantName = "[No Variations]"
Add component (AddParameter): Name = "Package"; Value = "None"; VariantName = "[No Variations]"
Add component (AddParameter): Name = "Price"; Value = "None"; VariantName = "[No Variations]"
Add component (AddParameter): Name = "Purchase-URL"; Value = "https://pricing.snapeda.com/search/part/B3B-PH-K/?ref=eda"; VariantName = "[No Variations]"
Add component (AddParameter): Name = "SnapEDA_Link"; Value = "https://www.snapeda.com/parts/B3B-PH-K/JST/view-part/?ref=snap"; VariantName = "[No Variations]"
Add component (AddParameter): Name = "Value"; Value = ""; VariantName = "[No Variations]"
Added Pin To Net: NetName=NetJ?_SH1 Pin=J?-SH1
Added Pin To Net: NetName=NetJ?_SH1 Pin=J?-SH2
Added Net: Name=NetJ?_SH1
Add Net: Net with name "NetJ?_SH1" already exists
